[0.004s] Invoking command in '/home/stardust/Code/rm_control_fix/build/rm_msgs': CMAKE_PREFIX_PATH=/opt/ros/humble CONDA_PROMPT_MODIFIER=(base) /usr/bin/cmake /home/stardust/Code/rm_control_fix/src/rm_msgs -DCMAKE_INSTALL_PREFIX=/home/stardust/Code/rm_control_fix/install/rm_msgs
[0.010s] -- Found ament_cmake: 1.3.10 (/opt/ros/humble/share/ament_cmake/cmake)
[0.069s] -- Found rosidl_default_generators: 1.2.0 (/opt/ros/humble/share/rosidl_default_generators/cmake)
[0.069s] -- Using all available rosidl_typesupport_c: rosidl_typesupport_fastrtps_c;rosidl_typesupport_introspection_c
[0.070s] -- Found rosidl_adapter: 3.1.5 (/opt/ros/humble/share/rosidl_adapter/cmake)
[0.081s] -- Using all available rosidl_typesupport_cpp: rosidl_typesupport_fastrtps_cpp;rosidl_typesupport_introspection_cpp
[0.090s] -- Found std_msgs: 4.2.4 (/opt/ros/humble/share/std_msgs/cmake)
[0.098s] -- Found geometry_msgs: 4.2.4 (/opt/ros/humble/share/geometry_msgs/cmake)
[0.149s] [31mCMake Error at /opt/ros/humble/share/rosidl_adapter/cmake/rosidl_adapt_interfaces.cmake:59 (message):
[0.149s]   execute_process(/home/stardust/anaconda3/bin/python3 -m rosidl_adapter
[0.149s]   --package-name rm_msgs --arguments-file
[0.149s]   /home/stardust/Code/rm_control_fix/build/rm_msgs/rosidl_adapter__arguments__rm_msgs.json
[0.149s]   --output-dir
[0.149s]   /home/stardust/Code/rm_control_fix/build/rm_msgs/rosidl_adapter/rm_msgs
[0.149s]   --output-file
[0.149s]   /home/stardust/Code/rm_control_fix/build/rm_msgs/rosidl_adapter/rm_msgs.idls)
[0.149s]   returned error code 1:
[0.149s] 
[0.149s]   AttributeError processing template 'msg.idl.em'
[0.149s] 
[0.149s]   Traceback (most recent call last):
[0.149s] 
[0.149s]     File "/opt/ros/humble/local/lib/python3.10/dist-packages/rosidl_adapter/resource/__init__.py", line 48, in evaluate_template
[0.149s]       _interpreter = em.Interpreter(
[0.149s]                      ^^^^^^^^^^^^^^
[0.149s] 
[0.149s]   AttributeError: module 'em' has no attribute 'Interpreter'
[0.149s] 
[0.149s]   
[0.149s] 
[0.149s]   During handling of the above exception, another exception occurred:
[0.149s] 
[0.149s]   
[0.149s] 
[0.149s]   Traceback (most recent call last):
[0.149s] 
[0.149s]     File "<frozen runpy>", line 198, in _run_module_as_main
[0.149s]     File "<frozen runpy>", line 88, in _run_code
[0.149s]     File "/opt/ros/humble/local/lib/python3.10/dist-packages/rosidl_adapter/__main__.py", line 19, in <module>
[0.149s]       sys.exit(main())
[0.149s]                ^^^^^^
[0.149s]     File "/opt/ros/humble/local/lib/python3.10/dist-packages/rosidl_adapter/main.py", line 53, in main
[0.149s]       abs_idl_file = convert_to_idl(
[0.149s]                      ^^^^^^^^^^^^^^^
[0.149s]     File "/opt/ros/humble/local/lib/python3.10/dist-packages/rosidl_adapter/__init__.py", line 19, in convert_to_idl
[0.150s]       return convert_msg_to_idl(
[0.150s]              ^^^^^^^^^^^^^^^^^^^
[0.150s]     File "/opt/ros/humble/local/lib/python3.10/dist-packages/rosidl_adapter/msg/__init__.py", line 39, in convert_msg_to_idl
[0.150s]       expand_template('msg.idl.em', data, output_file, encoding='iso-8859-1')
[0.150s]     File "/opt/ros/humble/local/lib/python3.10/dist-packages/rosidl_adapter/resource/__init__.py", line 23, in expand_template
[0.150s]       content = evaluate_template(template_name, data)
[0.150s]                 ^^^^^^^^^^^^^^^^^^^^^^^^^^^^^^^^^^^^^^
[0.150s]     File "/opt/ros/humble/local/lib/python3.10/dist-packages/rosidl_adapter/resource/__init__.py", line 69, in evaluate_template
[0.150s]       _interpreter.shutdown()
[0.150s]       ^^^^^^^^^^^^^^^^^^^^^
[0.150s] 
[0.150s]   AttributeError: 'NoneType' object has no attribute 'shutdown'
[0.150s] 
[0.150s] Call Stack (most recent call first):
[0.150s]   /opt/ros/humble/share/rosidl_cmake/cmake/rosidl_generate_interfaces.cmake:130 (rosidl_adapt_interfaces)
[0.150s]   CMakeLists.txt:20 (rosidl_generate_interfaces)
[0.150s] 
[0.150s] [0m
[0.150s] -- Configuring incomplete, errors occurred!
[0.150s] See also "/home/stardust/Code/rm_control_fix/build/rm_msgs/CMakeFiles/CMakeOutput.log".
[0.153s] Invoked command in '/home/stardust/Code/rm_control_fix/build/rm_msgs' returned '1': CMAKE_PREFIX_PATH=/opt/ros/humble CONDA_PROMPT_MODIFIER=(base) /usr/bin/cmake /home/stardust/Code/rm_control_fix/src/rm_msgs -DCMAKE_INSTALL_PREFIX=/home/stardust/Code/rm_control_fix/install/rm_msgs
