[0.000000] (-) TimerEvent: {}
[0.000369] (-) JobUnselected: {'identifier': 'rm_common'}
[0.000394] (-) JobUnselected: {'identifier': 'rm_dbus'}
[0.000435] (-) JobUnselected: {'identifier': 'rm_hw'}
[0.000449] (rm_msgs) JobQueued: {'identifier': 'rm_msgs', 'dependencies': OrderedDict()}
[0.000467] (rm_msgs) JobStarted: {'identifier': 'rm_msgs'}
[0.003260] (rm_msgs) JobProgress: {'identifier': 'rm_msgs', 'progress': 'cmake'}
[0.003447] (rm_msgs) Command: {'cmd': ['/usr/bin/cmake', '/home/stardust/Code/rm_control_fix/src/rm_msgs', '-DCMAKE_INSTALL_PREFIX=/home/stardust/Code/rm_control_fix/install/rm_msgs'], 'cwd': '/home/stardust/Code/rm_control_fix/build/rm_msgs', 'env': OrderedDict([('GJS_DEBUG_TOPICS', 'JS ERROR;JS LOG'), ('LESSOPEN', '| /usr/bin/lesspipe %s'), ('HTTPS_PROXY', 'http://127.0.0.1:7890/'), ('no_proxy', 'localhost,127.0.0.0/8,::1'), ('LANGUAGE', 'zh_CN:en'), ('USER', 'stardust'), ('LC_TIME', 'zh_CN.UTF-8'), ('all_proxy', 'socks://127.0.0.1:7891/'), ('XDG_SESSION_TYPE', 'x11'), ('GIT_ASKPASS', '/usr/share/code/resources/app/extensions/git/dist/askpass.sh'), ('SHLVL', '2'), ('LD_LIBRARY_PATH', '/opt/ros/humble/opt/rviz_ogre_vendor/lib:/opt/ros/humble/lib/x86_64-linux-gnu:/opt/ros/humble/lib'), ('HOME', '/home/stardust'), ('CHROME_DESKTOP', 'code-url-handler.desktop'), ('CONDA_SHLVL', '0'), ('OLDPWD', '/home/stardust/Code/rm_control_fix/src/rm_msgs/msg'), ('TERM_PROGRAM_VERSION', '1.93.0'), ('DESKTOP_SESSION', 'ubuntu'), ('NO_PROXY', 'localhost,127.0.0.0/8,::1'), ('GIO_LAUNCHED_DESKTOP_FILE', '/usr/share/applications/code.desktop'), ('ROS_PYTHON_VERSION', '3'), ('GNOME_SHELL_SESSION_MODE', 'ubuntu'), ('GTK_MODULES', 'gail:atk-bridge'), ('VSCODE_GIT_ASKPASS_MAIN', '/usr/share/code/resources/app/extensions/git/dist/askpass-main.js'), ('LC_MONETARY', 'zh_CN.UTF-8'), ('VSCODE_GIT_ASKPASS_NODE', '/usr/share/code/code'), ('MANAGERPID', '1196'), ('SYSTEMD_EXEC_PID', '1751'), ('DBUS_SESSION_BUS_ADDRESS', 'unix:path=/run/user/1000/bus'), ('COLORTERM', 'truecolor'), ('_CE_M', ''), ('GIO_LAUNCHED_DESKTOP_FILE_PID', '3902'), ('IM_CONFIG_PHASE', '1'), ('https_proxy', 'http://127.0.0.1:7890/'), ('ROS_DISTRO', 'humble'), ('GTK_IM_MODULE', 'fcitx'), ('LOGNAME', 'stardust'), ('ALL_PROXY', 'socks://127.0.0.1:7891/'), ('http_proxy', 'http://127.0.0.1:7890/'), ('JOURNAL_STREAM', '8:4602'), ('_', '/usr/bin/colcon'), ('ROS_VERSION', '2'), ('XDG_SESSION_CLASS', 'user'), ('USERNAME', 'stardust'), ('TERM', 'xterm-256color'), ('GNOME_DESKTOP_SESSION_ID', 'this-is-deprecated'), ('_CE_CONDA', ''), ('ROS_LOCALHOST_ONLY', '0'), ('WINDOWPATH', '2'), ('PATH', '/home/stardust/anaconda3/condabin:/opt/ros/humble/bin:/usr/local/sbin:/usr/local/bin:/usr/sbin:/usr/bin:/sbin:/bin:/usr/games:/usr/local/games:/snap/bin:/snap/bin'), ('SESSION_MANAGER', 'local/stardust-B650M-AORUS-ELITE-AX-ICE:@/tmp/.ICE-unix/1502,unix/stardust-B650M-AORUS-ELITE-AX-ICE:/tmp/.ICE-unix/1502'), ('INVOCATION_ID', '5e46231e646048fe80b4b2ce67e04dcd'), ('PAPERSIZE', 'a4'), ('XDG_MENU_PREFIX', 'gnome-'), ('LC_ADDRESS', 'zh_CN.UTF-8'), ('GNOME_TERMINAL_SCREEN', '/org/gnome/Terminal/screen/5329ee6c_3e3f_441f_b389_096f9fa82844'), ('XDG_RUNTIME_DIR', '/run/user/1000'), ('GDK_BACKEND', 'x11'), ('DISPLAY', ':0'), ('LANG', 'zh_CN.UTF-8'), ('XDG_CURRENT_DESKTOP', 'Unity'), ('LC_TELEPHONE', 'zh_CN.UTF-8'), ('XMODIFIERS', '@im=fcitx'), ('XDG_SESSION_DESKTOP', 'ubuntu'), ('XAUTHORITY', '/run/user/1000/gdm/Xauthority'), ('LS_COLORS', 'rs=0:di=01;34:ln=01;36:mh=00:pi=40;33:so=01;35:do=01;35:bd=40;33;01:cd=40;33;01:or=40;31;01:mi=00:su=37;41:sg=30;43:ca=30;41:tw=30;42:ow=34;42:st=37;44:ex=01;32:*.tar=01;31:*.tgz=01;31:*.arc=01;31:*.arj=01;31:*.taz=01;31:*.lha=01;31:*.lz4=01;31:*.lzh=01;31:*.lzma=01;31:*.tlz=01;31:*.txz=01;31:*.tzo=01;31:*.t7z=01;31:*.zip=01;31:*.z=01;31:*.dz=01;31:*.gz=01;31:*.lrz=01;31:*.lz=01;31:*.lzo=01;31:*.xz=01;31:*.zst=01;31:*.tzst=01;31:*.bz2=01;31:*.bz=01;31:*.tbz=01;31:*.tbz2=01;31:*.tz=01;31:*.deb=01;31:*.rpm=01;31:*.jar=01;31:*.war=01;31:*.ear=01;31:*.sar=01;31:*.rar=01;31:*.alz=01;31:*.ace=01;31:*.zoo=01;31:*.cpio=01;31:*.7z=01;31:*.rz=01;31:*.cab=01;31:*.wim=01;31:*.swm=01;31:*.dwm=01;31:*.esd=01;31:*.jpg=01;35:*.jpeg=01;35:*.mjpg=01;35:*.mjpeg=01;35:*.gif=01;35:*.bmp=01;35:*.pbm=01;35:*.pgm=01;35:*.ppm=01;35:*.tga=01;35:*.xbm=01;35:*.xpm=01;35:*.tif=01;35:*.tiff=01;35:*.png=01;35:*.svg=01;35:*.svgz=01;35:*.mng=01;35:*.pcx=01;35:*.mov=01;35:*.mpg=01;35:*.mpeg=01;35:*.m2v=01;35:*.mkv=01;35:*.webm=01;35:*.webp=01;35:*.ogm=01;35:*.mp4=01;35:*.m4v=01;35:*.mp4v=01;35:*.vob=01;35:*.qt=01;35:*.nuv=01;35:*.wmv=01;35:*.asf=01;35:*.rm=01;35:*.rmvb=01;35:*.flc=01;35:*.avi=01;35:*.fli=01;35:*.flv=01;35:*.gl=01;35:*.dl=01;35:*.xcf=01;35:*.xwd=01;35:*.yuv=01;35:*.cgm=01;35:*.emf=01;35:*.ogv=01;35:*.ogx=01;35:*.aac=00;36:*.au=00;36:*.flac=00;36:*.m4a=00;36:*.mid=00;36:*.midi=00;36:*.mka=00;36:*.mp3=00;36:*.mpc=00;36:*.ogg=00;36:*.ra=00;36:*.wav=00;36:*.oga=00;36:*.opus=00;36:*.spx=00;36:*.xspf=00;36:'), ('VSCODE_GIT_IPC_HANDLE', '/run/user/1000/vscode-git-423df228eb.sock'), ('GNOME_TERMINAL_SERVICE', ':1.174'), ('TERM_PROGRAM', 'vscode'), ('SSH_AGENT_LAUNCHER', 'gnome-keyring'), ('SSH_AUTH_SOCK', '/run/user/1000/keyring/ssh'), ('AMENT_PREFIX_PATH', '/opt/ros/humble'), ('CONDA_PYTHON_EXE', '/home/stardust/anaconda3/bin/python'), ('ORIGINAL_XDG_CURRENT_DESKTOP', 'ubuntu:GNOME'), ('SHELL', '/bin/bash'), ('LC_NAME', 'zh_CN.UTF-8'), ('QT_ACCESSIBILITY', '1'), ('NO_AT_BRIDGE', '1'), ('GDMSESSION', 'ubuntu'), ('LESSCLOSE', '/usr/bin/lesspipe %s %s'), ('LC_MEASUREMENT', 'zh_CN.UTF-8'), ('GPG_AGENT_INFO', '/run/user/1000/gnupg/S.gpg-agent:0:1'), ('GJS_DEBUG_OUTPUT', 'stderr'), ('LC_IDENTIFICATION', 'zh_CN.UTF-8'), ('VSCODE_GIT_ASKPASS_EXTRA_ARGS', ''), ('QT_IM_MODULE', 'fcitx'), ('PWD', '/home/stardust/Code/rm_control_fix/build/rm_msgs'), ('XDG_CONFIG_DIRS', '/etc/xdg/xdg-ubuntu:/etc/xdg'), ('CONDA_EXE', '/home/stardust/anaconda3/bin/conda'), ('CLUTTER_IM_MODULE', 'fcitx'), ('XDG_DATA_DIRS', '/usr/share/ubuntu:/usr/share/gnome:/usr/local/share/:/usr/share/:/var/lib/snapd/desktop'), ('PYTHONPATH', '/opt/ros/humble/lib/python3.10/site-packages:/opt/ros/humble/local/lib/python3.10/dist-packages'), ('HTTP_PROXY', 'http://127.0.0.1:7890/'), ('LC_NUMERIC', 'zh_CN.UTF-8'), ('LC_PAPER', 'zh_CN.UTF-8'), ('COLCON', '1'), ('VTE_VERSION', '6800'), ('CMAKE_PREFIX_PATH', '/opt/ros/humble')]), 'shell': False}
[0.009775] (rm_msgs) StdoutLine: {'line': b'-- Found ament_cmake: 1.3.10 (/opt/ros/humble/share/ament_cmake/cmake)\n'}
[0.067755] (rm_msgs) StdoutLine: {'line': b'-- Found rosidl_default_generators: 1.2.0 (/opt/ros/humble/share/rosidl_default_generators/cmake)\n'}
[0.068223] (rm_msgs) StdoutLine: {'line': b'-- Using all available rosidl_typesupport_c: rosidl_typesupport_fastrtps_c;rosidl_typesupport_introspection_c\n'}
[0.069223] (rm_msgs) StdoutLine: {'line': b'-- Found rosidl_adapter: 3.1.5 (/opt/ros/humble/share/rosidl_adapter/cmake)\n'}
[0.080446] (rm_msgs) StdoutLine: {'line': b'-- Using all available rosidl_typesupport_cpp: rosidl_typesupport_fastrtps_cpp;rosidl_typesupport_introspection_cpp\n'}
[0.089896] (rm_msgs) StdoutLine: {'line': b'-- Found std_msgs: 4.2.4 (/opt/ros/humble/share/std_msgs/cmake)\n'}
[0.097925] (rm_msgs) StdoutLine: {'line': b'-- Found geometry_msgs: 4.2.4 (/opt/ros/humble/share/geometry_msgs/cmake)\n'}
[0.099880] (-) TimerEvent: {}
[0.151375] (rm_msgs) StderrLine: {'line': b'\x1b[31mCMake Error at /opt/ros/humble/share/rosidl_adapter/cmake/rosidl_adapt_interfaces.cmake:59 (message):\n'}
[0.151556] (rm_msgs) StderrLine: {'line': b'  execute_process(/home/stardust/anaconda3/bin/python3 -m rosidl_adapter\n'}
[0.151583] (rm_msgs) StderrLine: {'line': b'  --package-name rm_msgs --arguments-file\n'}
[0.151603] (rm_msgs) StderrLine: {'line': b'  /home/stardust/Code/rm_control_fix/build/rm_msgs/rosidl_adapter__arguments__rm_msgs.json\n'}
[0.151655] (rm_msgs) StderrLine: {'line': b'  --output-dir\n'}
[0.151671] (rm_msgs) StderrLine: {'line': b'  /home/stardust/Code/rm_control_fix/build/rm_msgs/rosidl_adapter/rm_msgs\n'}
[0.151688] (rm_msgs) StderrLine: {'line': b'  --output-file\n'}
[0.151704] (rm_msgs) StderrLine: {'line': b'  /home/stardust/Code/rm_control_fix/build/rm_msgs/rosidl_adapter/rm_msgs.idls)\n'}
[0.151721] (rm_msgs) StderrLine: {'line': b'  returned error code 1:\n'}
[0.151768] (rm_msgs) StderrLine: {'line': b'\n'}
[0.151784] (rm_msgs) StderrLine: {'line': b"  AttributeError processing template 'msg.idl.em'\n"}
[0.151800] (rm_msgs) StderrLine: {'line': b'\n'}
[0.151815] (rm_msgs) StderrLine: {'line': b'  Traceback (most recent call last):\n'}
[0.151831] (rm_msgs) StderrLine: {'line': b'\n'}
[0.151864] (rm_msgs) StderrLine: {'line': b'    File "/opt/ros/humble/local/lib/python3.10/dist-packages/rosidl_adapter/resource/__init__.py", line 51, in evaluate_template\n'}
[0.151881] (rm_msgs) StderrLine: {'line': b'      em.BUFFERED_OPT: True,\n'}
[0.151896] (rm_msgs) StderrLine: {'line': b'      ^^^^^^^^^^^^^^^\n'}
[0.151911] (rm_msgs) StderrLine: {'line': b'\n'}
[0.151926] (rm_msgs) StderrLine: {'line': b"  AttributeError: module 'em' has no attribute 'BUFFERED_OPT'\n"}
[0.151942] (rm_msgs) StderrLine: {'line': b'\n'}
[0.151956] (rm_msgs) StderrLine: {'line': b'  \n'}
[0.151971] (rm_msgs) StderrLine: {'line': b'\n'}
[0.151986] (rm_msgs) StderrLine: {'line': b'  During handling of the above exception, another exception occurred:\n'}
[0.152010] (rm_msgs) StderrLine: {'line': b'\n'}
[0.152024] (rm_msgs) StderrLine: {'line': b'  \n'}
[0.152039] (rm_msgs) StderrLine: {'line': b'\n'}
[0.152054] (rm_msgs) StderrLine: {'line': b'  Traceback (most recent call last):\n'}
[0.152069] (rm_msgs) StderrLine: {'line': b'\n'}
[0.152085] (rm_msgs) StderrLine: {'line': b'    File "<frozen runpy>", line 198, in _run_module_as_main\n'}
[0.152103] (rm_msgs) StderrLine: {'line': b'    File "<frozen runpy>", line 88, in _run_code\n'}
[0.152122] (rm_msgs) StderrLine: {'line': b'    File "/opt/ros/humble/local/lib/python3.10/dist-packages/rosidl_adapter/__main__.py", line 19, in <module>\n'}
[0.152140] (rm_msgs) StderrLine: {'line': b'      sys.exit(main())\n'}
[0.152156] (rm_msgs) StderrLine: {'line': b'               ^^^^^^\n'}
[0.152172] (rm_msgs) StderrLine: {'line': b'    File "/opt/ros/humble/local/lib/python3.10/dist-packages/rosidl_adapter/main.py", line 53, in main\n'}
[0.152189] (rm_msgs) StderrLine: {'line': b'      abs_idl_file = convert_to_idl(\n'}
[0.152204] (rm_msgs) StderrLine: {'line': b'                     ^^^^^^^^^^^^^^^\n'}
[0.152219] (rm_msgs) StderrLine: {'line': b'    File "/opt/ros/humble/local/lib/python3.10/dist-packages/rosidl_adapter/__init__.py", line 19, in convert_to_idl\n'}
[0.152235] (rm_msgs) StderrLine: {'line': b'      return convert_msg_to_idl(\n'}
[0.152269] (rm_msgs) StderrLine: {'line': b'             ^^^^^^^^^^^^^^^^^^^\n'}
[0.152284] (rm_msgs) StderrLine: {'line': b'    File "/opt/ros/humble/local/lib/python3.10/dist-packages/rosidl_adapter/msg/__init__.py", line 39, in convert_msg_to_idl\n'}
[0.152300] (rm_msgs) StderrLine: {'line': b"      expand_template('msg.idl.em', data, output_file, encoding='iso-8859-1')\n"}
[0.152317] (rm_msgs) StderrLine: {'line': b'    File "/opt/ros/humble/local/lib/python3.10/dist-packages/rosidl_adapter/resource/__init__.py", line 23, in expand_template\n'}
[0.152333] (rm_msgs) StderrLine: {'line': b'      content = evaluate_template(template_name, data)\n'}
[0.152348] (rm_msgs) StderrLine: {'line': b'                ^^^^^^^^^^^^^^^^^^^^^^^^^^^^^^^^^^^^^^\n'}
[0.152362] (rm_msgs) StderrLine: {'line': b'    File "/opt/ros/humble/local/lib/python3.10/dist-packages/rosidl_adapter/resource/__init__.py", line 69, in evaluate_template\n'}
[0.152377] (rm_msgs) StderrLine: {'line': b'      _interpreter.shutdown()\n'}
[0.152404] (rm_msgs) StderrLine: {'line': b'      ^^^^^^^^^^^^^^^^^^^^^\n'}
[0.152436] (rm_msgs) StderrLine: {'line': b'\n'}
[0.152467] (rm_msgs) StderrLine: {'line': b"  AttributeError: 'NoneType' object has no attribute 'shutdown'\n"}
[0.152493] (rm_msgs) StderrLine: {'line': b'\n'}
[0.152515] (rm_msgs) StderrLine: {'line': b'Call Stack (most recent call first):\n'}
[0.152536] (rm_msgs) StderrLine: {'line': b'  /opt/ros/humble/share/rosidl_cmake/cmake/rosidl_generate_interfaces.cmake:130 (rosidl_adapt_interfaces)\n'}
[0.152558] (rm_msgs) StderrLine: {'line': b'  CMakeLists.txt:20 (rosidl_generate_interfaces)\n'}
[0.152585] (rm_msgs) StderrLine: {'line': b'\n'}
[0.152604] (rm_msgs) StderrLine: {'line': b'\x1b[0m\n'}
[0.152621] (rm_msgs) StdoutLine: {'line': b'-- Configuring incomplete, errors occurred!\n'}
[0.152644] (rm_msgs) StdoutLine: {'line': b'See also "/home/stardust/Code/rm_control_fix/build/rm_msgs/CMakeFiles/CMakeOutput.log".\n'}
[0.155569] (rm_msgs) CommandEnded: {'returncode': 1}
[0.163849] (rm_msgs) JobEnded: {'identifier': 'rm_msgs', 'rc': 1}
[0.174075] (-) EventReactorShutdown: {}
